<?xml version="1.0" encoding="UTF-8"?>
<robot generator="Robot 7.0 (Python 3.11.5 on win32)" generated="2024-04-05T08:29:10.265207" rpa="false" schemaversion="5">
<suite id="s1" name="Drg And Drp" source="C:\Users\user\PycharmProjects\pythonProject_March_mrng_batch\RobotFramework\day9\drg_and_drp.robot">
<test id="s1-t1" name="Handling Mouse drag and drop offset" line="14">
<kw name="Open Browser" owner="SeleniumLibrary">
<msg time="2024-04-05T08:29:10.676941" level="INFO">Opening browser 'chrome' to base url 'https://www.jqueryscript.net/demo/Price-Range-Slider-jQuery-UI/'.</msg>
<arg>url=https://www.jqueryscript.net/demo/Price-Range-Slider-jQuery-UI/</arg>
<arg>browser=chrome</arg>
<doc>Opens a new browser instance to the optional ``url``.</doc>
<status status="PASS" start="2024-04-05T08:29:10.675940" elapsed="16.511982"/>
</kw>
<kw name="Maximize Browser Window" owner="SeleniumLibrary">
<doc>Maximizes current browser window.</doc>
<status status="PASS" start="2024-04-05T08:29:27.187922" elapsed="0.127155"/>
</kw>
<kw name="Drag And Drop By Offset" owner="SeleniumLibrary">
<arg>xpath://div[@id='slider-range']/span[1]</arg>
<arg>200</arg>
<arg>0</arg>
<doc>Drags the element identified with ``locator`` by ``xoffset/yoffset``.</doc>
<status status="PASS" start="2024-04-05T08:29:27.316074" elapsed="0.602247"/>
</kw>
<kw name="Drag And Drop By Offset" owner="SeleniumLibrary">
<arg>xpath://div[@id='slider-range']/span[2]</arg>
<arg>-100</arg>
<arg>0</arg>
<doc>Drags the element identified with ``locator`` by ``xoffset/yoffset``.</doc>
<status status="PASS" start="2024-04-05T08:29:27.919320" elapsed="0.750197"/>
</kw>
<kw name="Sleep" owner="BuiltIn">
<msg time="2024-04-05T08:29:33.670943" level="INFO">Slept 5 seconds.</msg>
<arg>5s</arg>
<doc>Pauses the test executed for the given time.</doc>
<status status="PASS" start="2024-04-05T08:29:28.670517" elapsed="5.000426"/>
</kw>
<tag>offset</tag>
<status status="PASS" start="2024-04-05T08:29:10.673943" elapsed="22.997995"/>
</test>
<status status="PASS" start="2024-04-05T08:29:10.267203" elapsed="23.405734"/>
</suite>
<statistics>
<total>
<stat pass="1" fail="0" skip="0">All Tests</stat>
</total>
<tag>
<stat pass="1" fail="0" skip="0">offset</stat>
</tag>
<suite>
<stat pass="1" fail="0" skip="0" id="s1" name="Drg And Drp">Drg And Drp</stat>
</suite>
</statistics>
<errors>
</errors>
</robot>
